c:\users\dorae\desktop\hal\class3\findwork\就職作品プロジェクト\nishiguchigame\x64\release\nishiguchigame.pch
c:\users\dorae\desktop\hal\class3\findwork\就職作品プロジェクト\nishiguchigame\x64\release\vc143.pdb
c:\users\dorae\desktop\hal\class3\findwork\就職作品プロジェクト\nishiguchigame\x64\release\pch.obj
c:\users\dorae\desktop\hal\class3\findwork\就職作品プロジェクト\nishiguchigame\x64\release\audiomanager.obj
c:\users\dorae\desktop\hal\class3\findwork\就職作品プロジェクト\nishiguchigame\x64\release\sord.obj
c:\users\dorae\desktop\hal\class3\findwork\就職作品プロジェクト\nishiguchigame\x64\release\model.obj
c:\users\dorae\desktop\hal\class3\findwork\就職作品プロジェクト\nishiguchigame\x64\release\texturemanager.obj
c:\users\dorae\desktop\hal\class3\findwork\就職作品プロジェクト\nishiguchigame\x64\release\collider.obj
c:\users\dorae\desktop\hal\class3\findwork\就職作品プロジェクト\nishiguchigame\x64\release\gamescenecrush.obj
c:\users\dorae\desktop\hal\class3\findwork\就職作品プロジェクト\nishiguchigame\x64\release\renderer.obj
c:\users\dorae\desktop\hal\class3\findwork\就職作品プロジェクト\nishiguchigame\x64\release\imgui.obj
c:\users\dorae\desktop\hal\class3\findwork\就職作品プロジェクト\nishiguchigame\x64\release\game.obj
c:\users\dorae\desktop\hal\class3\findwork\就職作品プロジェクト\nishiguchigame\x64\release\bullet.obj
c:\users\dorae\desktop\hal\class3\findwork\就職作品プロジェクト\nishiguchigame\x64\release\square.obj
c:\users\dorae\desktop\hal\class3\findwork\就職作品プロジェクト\nishiguchigame\x64\release\audio.obj
c:\users\dorae\desktop\hal\class3\findwork\就職作品プロジェクト\nishiguchigame\x64\release\hammer.obj
c:\users\dorae\desktop\hal\class3\findwork\就職作品プロジェクト\nishiguchigame\x64\release\cube.obj
c:\users\dorae\desktop\hal\class3\findwork\就職作品プロジェクト\nishiguchigame\x64\release\transform.obj
c:\users\dorae\desktop\hal\class3\findwork\就職作品プロジェクト\nishiguchigame\x64\release\debugui.obj
c:\users\dorae\desktop\hal\class3\findwork\就職作品プロジェクト\nishiguchigame\x64\release\zoom.obj
c:\users\dorae\desktop\hal\class3\findwork\就職作品プロジェクト\nishiguchigame\x64\release\shadermanager.obj
c:\users\dorae\desktop\hal\class3\findwork\就職作品プロジェクト\nishiguchigame\x64\release\imgui_tables.obj
c:\users\dorae\desktop\hal\class3\findwork\就職作品プロジェクト\nishiguchigame\x64\release\debuggridline.obj
c:\users\dorae\desktop\hal\class3\findwork\就職作品プロジェクト\nishiguchigame\x64\release\wipe.obj
c:\users\dorae\desktop\hal\class3\findwork\就職作品プロジェクト\nishiguchigame\x64\release\gamesceneexe.obj
c:\users\dorae\desktop\hal\class3\findwork\就職作品プロジェクト\nishiguchigame\x64\release\main.obj
c:\users\dorae\desktop\hal\class3\findwork\就職作品プロジェクト\nishiguchigame\x64\release\circle.obj
c:\users\dorae\desktop\hal\class3\findwork\就職作品プロジェクト\nishiguchigame\x64\release\meshmanager.obj
c:\users\dorae\desktop\hal\class3\findwork\就職作品プロジェクト\nishiguchigame\x64\release\shader.obj
c:\users\dorae\desktop\hal\class3\findwork\就職作品プロジェクト\nishiguchigame\x64\release\imgui_impl_dx11.obj
c:\users\dorae\desktop\hal\class3\findwork\就職作品プロジェクト\nishiguchigame\x64\release\rhythmbeat.obj
c:\users\dorae\desktop\hal\class3\findwork\就職作品プロジェクト\nishiguchigame\x64\release\cartwarning.obj
c:\users\dorae\desktop\hal\class3\findwork\就職作品プロジェクト\nishiguchigame\x64\release\gamesceneslice.obj
c:\users\dorae\desktop\hal\class3\findwork\就職作品プロジェクト\nishiguchigame\x64\release\titlescene.obj
c:\users\dorae\desktop\hal\class3\findwork\就職作品プロジェクト\nishiguchigame\x64\release\particle.obj
c:\users\dorae\desktop\hal\class3\findwork\就職作品プロジェクト\nishiguchigame\x64\release\gamescenewait.obj
c:\users\dorae\desktop\hal\class3\findwork\就職作品プロジェクト\nishiguchigame\x64\release\selectscene.obj
c:\users\dorae\desktop\hal\class3\findwork\就職作品プロジェクト\nishiguchigame\x64\release\application.obj
c:\users\dorae\desktop\hal\class3\findwork\就職作品プロジェクト\nishiguchigame\x64\release\resultscene.obj
c:\users\dorae\desktop\hal\class3\findwork\就職作品プロジェクト\nishiguchigame\x64\release\snapshotoverlay.obj
c:\users\dorae\desktop\hal\class3\findwork\就職作品プロジェクト\nishiguchigame\x64\release\imgui_demo.obj
c:\users\dorae\desktop\hal\class3\findwork\就職作品プロジェクト\nishiguchigame\x64\release\imgui_impl_win32.obj
c:\users\dorae\desktop\hal\class3\findwork\就職作品プロジェクト\nishiguchigame\x64\release\bomtimelimit.obj
c:\users\dorae\desktop\hal\class3\findwork\就職作品プロジェクト\nishiguchigame\x64\release\staticmesh.obj
c:\users\dorae\desktop\hal\class3\findwork\就職作品プロジェクト\nishiguchigame\x64\release\skydome.obj
c:\users\dorae\desktop\hal\class3\findwork\就職作品プロジェクト\nishiguchigame\x64\release\imgui_widgets.obj
c:\users\dorae\desktop\hal\class3\findwork\就職作品プロジェクト\nishiguchigame\x64\release\dx11helper.obj
c:\users\dorae\desktop\hal\class3\findwork\就職作品プロジェクト\nishiguchigame\x64\release\player.obj
c:\users\dorae\desktop\hal\class3\findwork\就職作品プロジェクト\nishiguchigame\x64\release\light.obj
c:\users\dorae\desktop\hal\class3\findwork\就職作品プロジェクト\nishiguchigame\x64\release\fade.obj
c:\users\dorae\desktop\hal\class3\findwork\就職作品プロジェクト\nishiguchigame\x64\release\bomber.obj
c:\users\dorae\desktop\hal\class3\findwork\就職作品プロジェクト\nishiguchigame\x64\release\scene.obj
c:\users\dorae\desktop\hal\class3\findwork\就職作品プロジェクト\nishiguchigame\x64\release\transscene.obj
c:\users\dorae\desktop\hal\class3\findwork\就職作品プロジェクト\nishiguchigame\x64\release\input.obj
c:\users\dorae\desktop\hal\class3\findwork\就職作品プロジェクト\nishiguchigame\x64\release\enemy.obj
c:\users\dorae\desktop\hal\class3\findwork\就職作品プロジェクト\nishiguchigame\x64\release\object.obj
c:\users\dorae\desktop\hal\class3\findwork\就職作品プロジェクト\nishiguchigame\x64\release\utility.obj
c:\users\dorae\desktop\hal\class3\findwork\就職作品プロジェクト\nishiguchigame\x64\release\car.obj
c:\users\dorae\desktop\hal\class3\findwork\就職作品プロジェクト\nishiguchigame\x64\release\gamescenejump.obj
c:\users\dorae\desktop\hal\class3\findwork\就職作品プロジェクト\nishiguchigame\x64\release\rendertarget.obj
c:\users\dorae\desktop\hal\class3\findwork\就職作品プロジェクト\nishiguchigame\x64\release\texture.obj
c:\users\dorae\desktop\hal\class3\findwork\就職作品プロジェクト\nishiguchigame\x64\release\camera.obj
c:\users\dorae\desktop\hal\class3\findwork\就職作品プロジェクト\nishiguchigame\x64\release\transitionbase.obj
c:\users\dorae\desktop\hal\class3\findwork\就職作品プロジェクト\nishiguchigame\x64\release\sphere.obj
c:\users\dorae\desktop\hal\class3\findwork\就職作品プロジェクト\nishiguchigame\x64\release\imgui_draw.obj
c:\users\dorae\desktop\hal\class3\findwork\就職作品プロジェクト\x64\release\ps_alpha.cso
c:\users\dorae\desktop\hal\class3\findwork\就職作品プロジェクト\x64\release\ps_centerfade.cso
c:\users\dorae\desktop\hal\class3\findwork\就職作品プロジェクト\x64\release\ps_default.cso
c:\users\dorae\desktop\hal\class3\findwork\就職作品プロジェクト\x64\release\ps_skydome.cso
c:\users\dorae\desktop\hal\class3\findwork\就職作品プロジェクト\x64\release\ps_unlit.cso
c:\users\dorae\desktop\hal\class3\findwork\就職作品プロジェクト\x64\release\vs_alpha.cso
c:\users\dorae\desktop\hal\class3\findwork\就職作品プロジェクト\x64\release\vs_debuggrid.cso
c:\users\dorae\desktop\hal\class3\findwork\就職作品プロジェクト\x64\release\vs_default.cso
c:\users\dorae\desktop\hal\class3\findwork\就職作品プロジェクト\x64\release\vs_skydome.cso
c:\users\dorae\desktop\hal\class3\findwork\就職作品プロジェクト\x64\release\vs_unlit.cso
c:\users\dorae\desktop\hal\class3\findwork\就職作品プロジェクト\x64\release\nishiguchigame.exe
c:\users\dorae\desktop\hal\class3\findwork\就職作品プロジェクト\x64\release\nishiguchigame.pdb
c:\users\dorae\desktop\hal\class3\findwork\就職作品プロジェクト\nishiguchigame\x64\release\nishiguchigame.ipdb
c:\users\dorae\desktop\hal\class3\findwork\就職作品プロジェクト\nishiguchigame\x64\release\nishiguchigame.iobj
c:\users\dorae\desktop\hal\class3\findwork\就職作品プロジェクト\nishiguchigame\x64\release\testplane.obj
c:\users\dorae\desktop\hal\class3\findwork\就職作品プロジェクト\nishiguchigame\x64\release\nishiguchigame.tlog\cl.command.1.tlog
c:\users\dorae\desktop\hal\class3\findwork\就職作品プロジェクト\nishiguchigame\x64\release\nishiguchigame.tlog\cl.items.tlog
c:\users\dorae\desktop\hal\class3\findwork\就職作品プロジェクト\nishiguchigame\x64\release\nishiguchigame.tlog\cl.read.1.tlog
c:\users\dorae\desktop\hal\class3\findwork\就職作品プロジェクト\nishiguchigame\x64\release\nishiguchigame.tlog\cl.write.1.tlog
c:\users\dorae\desktop\hal\class3\findwork\就職作品プロジェクト\nishiguchigame\x64\release\nishiguchigame.tlog\fxc.command.1.tlog
c:\users\dorae\desktop\hal\class3\findwork\就職作品プロジェクト\nishiguchigame\x64\release\nishiguchigame.tlog\fxc.read.1.tlog
c:\users\dorae\desktop\hal\class3\findwork\就職作品プロジェクト\nishiguchigame\x64\release\nishiguchigame.tlog\fxc.write.1.tlog
c:\users\dorae\desktop\hal\class3\findwork\就職作品プロジェクト\nishiguchigame\x64\release\nishiguchigame.tlog\link.command.1.tlog
c:\users\dorae\desktop\hal\class3\findwork\就職作品プロジェクト\nishiguchigame\x64\release\nishiguchigame.tlog\link.read.1.tlog
c:\users\dorae\desktop\hal\class3\findwork\就職作品プロジェクト\nishiguchigame\x64\release\nishiguchigame.tlog\link.secondary.1.tlog
c:\users\dorae\desktop\hal\class3\findwork\就職作品プロジェクト\nishiguchigame\x64\release\nishiguchigame.tlog\link.write.1.tlog
