  Application.cpp
  Camera.cpp
  DebugGridLine.cpp
  Game.cpp
  Bullet.cpp
  Cube.cpp
  Model.cpp
  Object.cpp
  Sphere.cpp
  Skydome.cpp
  GameScene.cpp
  SelectScene.cpp
  TitleScene.cpp
  Fade.cpp
  TransScene.cpp
  TestPlane.cpp
  Texture2D.cpp
  コード生成しています。
  Previous IPDB not found, fall back to full compilation.
  All 3523 functions were compiled because no usable IPDB/IOBJ from previous compilation was found.
  コード生成が終了しました。
  就職作品プロジェクト.vcxproj -> C:\Users\dorae\Desktop\HAL\class3\FindWork\就職作品プロジェクト\x64\Release\NishiguchiGame.exe
