c:\users\kodokeの世界\desktop\hal\visualsutdio\就職作品\個人製作\findwork\就職作品プロジェクト\nishiguchigame\x64\debug\dx11helper.obj
c:\users\kodokeの世界\desktop\hal\visualsutdio\就職作品\個人製作\findwork\就職作品プロジェクト\nishiguchigame\x64\debug\imgui_demo.obj
c:\users\kodokeの世界\desktop\hal\visualsutdio\就職作品\個人製作\findwork\就職作品プロジェクト\nishiguchigame\x64\debug\imgui_impl_win32.obj
c:\users\kodokeの世界\desktop\hal\visualsutdio\就職作品\個人製作\findwork\就職作品プロジェクト\nishiguchigame\x64\debug\rendertarget.obj
c:\users\kodokeの世界\desktop\hal\visualsutdio\就職作品\個人製作\findwork\就職作品プロジェクト\nishiguchigame\x64\debug\fade.obj
c:\users\kodokeの世界\desktop\hal\visualsutdio\就職作品\個人製作\findwork\就職作品プロジェクト\nishiguchigame\x64\debug\main.obj
c:\users\kodokeの世界\desktop\hal\visualsutdio\就職作品\個人製作\findwork\就職作品プロジェクト\nishiguchigame\x64\debug\staticmesh.obj
c:\users\kodokeの世界\desktop\hal\visualsutdio\就職作品\個人製作\findwork\就職作品プロジェクト\nishiguchigame\x64\debug\shader.obj
c:\users\kodokeの世界\desktop\hal\visualsutdio\就職作品\個人製作\findwork\就職作品プロジェクト\nishiguchigame\x64\debug\debuggridline.obj
c:\users\kodokeの世界\desktop\hal\visualsutdio\就職作品\個人製作\findwork\就職作品プロジェクト\nishiguchigame\x64\debug\cube.obj
c:\users\kodokeの世界\desktop\hal\visualsutdio\就職作品\個人製作\findwork\就職作品プロジェクト\nishiguchigame\x64\debug\imgui_tables.obj
c:\users\kodokeの世界\desktop\hal\visualsutdio\就職作品\個人製作\findwork\就職作品プロジェクト\nishiguchigame\x64\debug\rhythmbeat.obj
c:\users\kodokeの世界\desktop\hal\visualsutdio\就職作品\個人製作\findwork\就職作品プロジェクト\nishiguchigame\x64\debug\imgui_widgets.obj
c:\users\kodokeの世界\desktop\hal\visualsutdio\就職作品\個人製作\findwork\就職作品プロジェクト\nishiguchigame\x64\debug\game.obj
c:\users\kodokeの世界\desktop\hal\visualsutdio\就職作品\個人製作\findwork\就職作品プロジェクト\nishiguchigame\x64\debug\transform.obj
c:\users\kodokeの世界\desktop\hal\visualsutdio\就職作品\個人製作\findwork\就職作品プロジェクト\nishiguchigame\x64\debug\zoom.obj
c:\users\kodokeの世界\desktop\hal\visualsutdio\就職作品\個人製作\findwork\就職作品プロジェクト\nishiguchigame\x64\debug\transitionbase.obj
c:\users\kodokeの世界\desktop\hal\visualsutdio\就職作品\個人製作\findwork\就職作品プロジェクト\nishiguchigame\x64\debug\debugui.obj
c:\users\kodokeの世界\desktop\hal\visualsutdio\就職作品\個人製作\findwork\就職作品プロジェクト\nishiguchigame\x64\debug\imgui.obj
c:\users\kodokeの世界\desktop\hal\visualsutdio\就職作品\個人製作\findwork\就職作品プロジェクト\nishiguchigame\x64\debug\application.obj
c:\users\kodokeの世界\desktop\hal\visualsutdio\就職作品\個人製作\findwork\就職作品プロジェクト\nishiguchigame\x64\debug\light.obj
c:\users\kodokeの世界\desktop\hal\visualsutdio\就職作品\個人製作\findwork\就職作品プロジェクト\nishiguchigame\x64\debug\imgui_draw.obj
c:\users\kodokeの世界\desktop\hal\visualsutdio\就職作品\個人製作\findwork\就職作品プロジェクト\nishiguchigame\x64\debug\audiomanager.obj
c:\users\kodokeの世界\desktop\hal\visualsutdio\就職作品\個人製作\findwork\就職作品プロジェクト\nishiguchigame\x64\debug\input.obj
c:\users\kodokeの世界\desktop\hal\visualsutdio\就職作品\個人製作\findwork\就職作品プロジェクト\nishiguchigame\x64\debug\utility.obj
c:\users\kodokeの世界\desktop\hal\visualsutdio\就職作品\個人製作\findwork\就職作品プロジェクト\nishiguchigame\x64\debug\wipe.obj
c:\users\kodokeの世界\desktop\hal\visualsutdio\就職作品\個人製作\findwork\就職作品プロジェクト\nishiguchigame\x64\debug\audio.obj
c:\users\kodokeの世界\desktop\hal\visualsutdio\就職作品\個人製作\findwork\就職作品プロジェクト\nishiguchigame\x64\debug\meshmanager.obj
c:\users\kodokeの世界\desktop\hal\visualsutdio\就職作品\個人製作\findwork\就職作品プロジェクト\nishiguchigame\x64\debug\imgui_impl_dx11.obj
c:\users\kodokeの世界\desktop\hal\visualsutdio\就職作品\個人製作\findwork\就職作品プロジェクト\x64\debug\ps_alpha.cso
c:\users\kodokeの世界\desktop\hal\visualsutdio\就職作品\個人製作\findwork\就職作品プロジェクト\x64\debug\ps_centerfade.cso
c:\users\kodokeの世界\desktop\hal\visualsutdio\就職作品\個人製作\findwork\就職作品プロジェクト\x64\debug\ps_default.cso
c:\users\kodokeの世界\desktop\hal\visualsutdio\就職作品\個人製作\findwork\就職作品プロジェクト\x64\debug\ps_skydome.cso
c:\users\kodokeの世界\desktop\hal\visualsutdio\就職作品\個人製作\findwork\就職作品プロジェクト\x64\debug\ps_unlit.cso
c:\users\kodokeの世界\desktop\hal\visualsutdio\就職作品\個人製作\findwork\就職作品プロジェクト\x64\debug\vs_alpha.cso
c:\users\kodokeの世界\desktop\hal\visualsutdio\就職作品\個人製作\findwork\就職作品プロジェクト\x64\debug\vs_debuggrid.cso
c:\users\kodokeの世界\desktop\hal\visualsutdio\就職作品\個人製作\findwork\就職作品プロジェクト\x64\debug\vs_default.cso
c:\users\kodokeの世界\desktop\hal\visualsutdio\就職作品\個人製作\findwork\就職作品プロジェクト\x64\debug\vs_skydome.cso
c:\users\kodokeの世界\desktop\hal\visualsutdio\就職作品\個人製作\findwork\就職作品プロジェクト\x64\debug\vs_unlit.cso
c:\users\kodokeの世界\desktop\hal\visualsutdio\就職作品\個人製作\findwork\就職作品プロジェクト\nishiguchigame\x64\debug\vc143.idb
c:\users\kodokeの世界\desktop\hal\visualsutdio\就職作品\個人製作\findwork\就職作品プロジェクト\nishiguchigame\x64\debug\vc143.pdb
c:\users\kodokeの世界\desktop\hal\visualsutdio\就職作品\個人製作\findwork\就職作品プロジェクト\nishiguchigame\x64\debug\nishiguchigame.tlog\cl.10160.write.1.tlog
c:\users\kodokeの世界\desktop\hal\visualsutdio\就職作品\個人製作\findwork\就職作品プロジェクト\nishiguchigame\x64\debug\nishiguchigame.tlog\cl.command.1.tlog
c:\users\kodokeの世界\desktop\hal\visualsutdio\就職作品\個人製作\findwork\就職作品プロジェクト\nishiguchigame\x64\debug\nishiguchigame.tlog\cl.read.1.tlog
c:\users\kodokeの世界\desktop\hal\visualsutdio\就職作品\個人製作\findwork\就職作品プロジェクト\nishiguchigame\x64\debug\nishiguchigame.tlog\fxc.command.1.tlog
c:\users\kodokeの世界\desktop\hal\visualsutdio\就職作品\個人製作\findwork\就職作品プロジェクト\nishiguchigame\x64\debug\nishiguchigame.tlog\fxc.read.1.tlog
c:\users\kodokeの世界\desktop\hal\visualsutdio\就職作品\個人製作\findwork\就職作品プロジェクト\nishiguchigame\x64\debug\nishiguchigame.tlog\fxc.write.1.tlog
